<?xml version="1.0" encoding="UTF-8"?>
<!-- Generated by org.testng.reporters.JUnitReportReporter -->
<testsuite skipped="0" hostname="BOLD-VISHALM" name="rough.HittingFirstApi" tests="2" failures="0" timestamp="29 Nov 2018 06:36:09 GMT" time="8.009" errors="0">
  <testcase name="exportTopdf" time="3.639" classname="rough.HittingFirstApi"/>
  <testcase name="exportToDoc" time="4.370" classname="rough.HittingFirstApi"/>
</testsuite> <!-- rough.HittingFirstApi -->
