<?xml version="1.0" encoding="UTF-8"?>
<!-- Generated by org.testng.reporters.JUnitReportReporter -->
<testsuite skipped="0" hostname="BOLD-VISHALM" name="com.bold.common.Utility" tests="1" failures="0" timestamp="29 Nov 2018 06:08:19 GMT" time="0.031" errors="0">
  <testcase name="editJsonFile" time="0.031" classname="com.bold.common.Utility"/>
</testsuite> <!-- com.bold.common.Utility -->
