<?xml version="1.0" encoding="UTF-8"?>
<!-- Generated by org.testng.reporters.JUnitReportReporter -->
<testsuite skipped="0" hostname="BOLD-VISHALM" name="rough.HittingFirstApi" tests="1" failures="0" timestamp="26 Nov 2018 09:23:22 GMT" time="4.708" errors="0">
  <testcase name="verfyApiRestAssured" time="4.708" classname="rough.HittingFirstApi"/>
</testsuite> <!-- rough.HittingFirstApi -->
