<?xml version="1.0" encoding="UTF-8"?>
<!-- Generated by org.testng.reporters.JUnitReportReporter -->
<testsuite skipped="0" hostname="BOLD-VISHALM" name="rough.HittingFirstApi" tests="1" failures="0" timestamp="14 Nov 2018 10:49:47 GMT" time="4.472" errors="0">
  <testcase name="verfyApiRestAssured" time="4.472" classname="rough.HittingFirstApi"/>
</testsuite> <!-- rough.HittingFirstApi -->
